app/build/outputs/logs/manifest-merger-debug-report.txt
-- Merging decision tree log ---
manifest
ADDED from src\main\AndroidManifest.xml:21:1-101:12
	package
		ADDED from src\main\AndroidManifest.xml:22:5-39
		INJECTED from src\main\AndroidManifest.xml
		INJECTED from src\main\AndroidManifest.xml
	android:versionName
		ADDED from src\main\AndroidManifest.xml:24:5-32
		INJECTED from src\main\AndroidManifest.xml
		INJECTED from src\main\AndroidManifest.xml
	android:versionCode
		ADDED from src\main\AndroidManifest.xml:23:5-28
		INJECTED from src\main\AndroidManifest.xml
		INJECTED from src\main\AndroidManifest.xml
	xmlns:android
		ADDED from src\main\AndroidManifest.xml:21:11-69
uses-sdk
ADDED from src\main\AndroidManifest.xml:26:5-28:41
	android:targetSdkVersion
		ADDED from src\main\AndroidManifest.xml:28:9-38
		INJECTED from src\main\AndroidManifest.xml
		INJECTED from src\main\AndroidManifest.xml
	android:minSdkVersion
		ADDED from src\main\AndroidManifest.xml:27:9-35
		INJECTED from src\main\AndroidManifest.xml
		INJECTED from src\main\AndroidManifest.xml
uses-permission#android.permission.WRITE_EXTERNAL_STORAGE
ADDED from src\main\AndroidManifest.xml:30:5-81
	android:name
		ADDED from src\main\AndroidManifest.xml:30:22-78
application
ADDED from src\main\AndroidManifest.xml:32:5-99:19
	android:label
		ADDED from src\main\AndroidManifest.xml:35:9-41
	android:allowBackup
		ADDED from src\main\AndroidManifest.xml:33:9-35
	android:icon
		ADDED from src\main\AndroidManifest.xml:34:9-38
	android:logo
		ADDED from src\main\AndroidManifest.xml:36:9-38
activity#org.androidsoft.coloring.ui.activity.SplashActivity
ADDED from src\main\AndroidManifest.xml:37:9-47:20
	android:screenOrientation
		ADDED from src\main\AndroidManifest.xml:41:13-50
	android:label
		ADDED from src\main\AndroidManifest.xml:39:13-45
	android:noHistory
		ADDED from src\main\AndroidManifest.xml:40:13-37
	android:name
		ADDED from src\main\AndroidManifest.xml:38:13-55
intent-filter#android.intent.action.MAIN+android.intent.category.LAUNCHER
ADDED from src\main\AndroidManifest.xml:42:13-46:29
action#android.intent.action.MAIN
ADDED from src\main\AndroidManifest.xml:43:17-69
	android:name
		ADDED from src\main\AndroidManifest.xml:43:25-66
category#android.intent.category.LAUNCHER
ADDED from src\main\AndroidManifest.xml:45:17-77
	android:name
		ADDED from src\main\AndroidManifest.xml:45:27-74
activity#org.androidsoft.coloring.ui.activity.PaintActivity
ADDED from src\main\AndroidManifest.xml:48:9-51:20
	android:screenOrientation
		ADDED from src\main\AndroidManifest.xml:50:13-50
	android:name
		ADDED from src\main\AndroidManifest.xml:49:13-54
activity#org.androidsoft.coloring.ui.activity.PaintActivity2
ADDED from src\main\AndroidManifest.xml:52:9-55:20
	android:screenOrientation
		ADDED from src\main\AndroidManifest.xml:54:13-50
	android:name
		ADDED from src\main\AndroidManifest.xml:53:13-55
activity#org.androidsoft.coloring.ui.activity.StartNewActivity
ADDED from src\main\AndroidManifest.xml:56:9-66:20
	android:screenOrientation
		ADDED from src\main\AndroidManifest.xml:58:13-50
	android:name
		ADDED from src\main\AndroidManifest.xml:57:13-57
intent-filter#android.intent.category.DEFAULT+org.androidsoft.coloring.paint.START_NEW
ADDED from src\main\AndroidManifest.xml:61:13-65:29
action#org.androidsoft.coloring.paint.START_NEW
ADDED from src\main\AndroidManifest.xml:62:17-83
	android:name
		ADDED from src\main\AndroidManifest.xml:62:25-80
category#android.intent.category.DEFAULT
ADDED from src\main\AndroidManifest.xml:64:17-76
	android:name
		ADDED from src\main\AndroidManifest.xml:64:27-73
activity#org.androidsoft.coloring.ui.activity.StartNewActivity2
ADDED from src\main\AndroidManifest.xml:67:9-77:20
	android:screenOrientation
		ADDED from src\main\AndroidManifest.xml:69:13-50
	android:name
		ADDED from src\main\AndroidManifest.xml:68:13-58
intent-filter#android.intent.category.DEFAULT+org.androidsoft.coloring.paint.START_NEW2
ADDED from src\main\AndroidManifest.xml:72:13-76:29
action#org.androidsoft.coloring.paint.START_NEW2
ADDED from src\main\AndroidManifest.xml:73:17-84
	android:name
		ADDED from src\main\AndroidManifest.xml:73:25-81
activity#org.androidsoft.coloring.ui.activity.PickColorActivity
ADDED from src\main\AndroidManifest.xml:78:9-88:20
	android:screenOrientation
		ADDED from src\main\AndroidManifest.xml:80:13-50
	android:name
		ADDED from src\main\AndroidManifest.xml:79:13-58
intent-filter#android.intent.category.DEFAULT+org.androidsoft.coloring.paint.PICK_COLOR
ADDED from src\main\AndroidManifest.xml:83:13-87:29
action#org.androidsoft.coloring.paint.PICK_COLOR
ADDED from src\main\AndroidManifest.xml:84:17-84
	android:name
		ADDED from src\main\AndroidManifest.xml:84:25-81
activity#org.androidsoft.coloring.ui.activity.CreditsActivity
ADDED from src\main\AndroidManifest.xml:89:9-98:20
	android:screenOrientation
		ADDED from src\main\AndroidManifest.xml:92:13-50
	android:hardwareAccelerated
		ADDED from src\main\AndroidManifest.xml:91:13-47
	android:name
		ADDED from src\main\AndroidManifest.xml:90:13-56
intent-filter#android.intent.category.DEFAULT+org.androidsoft.coloring.paint.ABOUT
ADDED from src\main\AndroidManifest.xml:93:13-97:29
action#org.androidsoft.coloring.paint.ABOUT
ADDED from src\main\AndroidManifest.xml:94:17-79
	android:name
		ADDED from src\main\AndroidManifest.xml:94:25-76